  DATE        NOM       NB     PAIEMENT    TOTAL
<23:48:59>	Menu Enfant	1	compte AE	0,00 ‚Ç¨
<23:49:4>	Menu Basique	1	liquide	0,00 ‚Ç¨
<23:49:4>	Menu Enfant	1	liquide	0,00 ‚Ç¨
<23:50:29>	Menu Enfant	2	compte AE	0,00 ‚Ç¨
<23:50:33>	Menu Snack	2	cheque	0,00 ‚Ç¨
<15:5:34>	Menu Basique	1	compte AE	0,00 ‚Ç¨
<14:27:30>	Menu Enfant	1	liquide	0,00 ‚Ç¨
<14:28:26>	Menu Snack	1	liquide	0,00 ‚Ç¨
<14:28:26>	Tartes au pommes	1	liquide	0,00 ‚Ç¨
<14:30:10>	Hot-Dog Saucisse - Fromage rapp√©/tranche - MKM	1	liquide	1,50 ‚Ç¨
<14:30:34>	Hot-Dog Saucisse - Fromage rapp√©/tranche - MKM	1	liquide	1,50 ‚Ç¨
<14:30:34>	Hot-Dog Saucisse - Fromage rapp√©/tranche - MKM	1	liquide	1,50 ‚Ç¨
<14:30:34>	Hot-Dog Saucisse - Fromage rapp√©/tranche - MKM	1	liquide	1,50 ‚Ç¨
<14:30:34>	Hot-Dog Saucisse - Fromage rapp√©/tranche - MKM	1	liquide	1,50 ‚Ç¨
<14:30:34>	Hot-Dog Saucisse - Fromage rapp√©/tranche - MKM	1	liquide	1,50 ‚Ç¨
<14:54:55>	Menu du joueur	1	liquide	0,00 ‚Ç¨
<13:30:31>	Menu Enfant	1	liquide	0,00 ‚Ç¨
<15:13:41>	Menu Enfant	1	liquide	0,00 ‚Ç¨
<15:48:16>	Hot-Dog Saucisse - Fromage rapp√©/tranche - MKM	1	liquide	1,50 ‚Ç¨
<16:9:5>	Menu Enfant	1	gratuit (invit√©)	0,00 ‚Ç¨
<14:41:52>	Galette Jambon - Fromage - Oeuf	5	liquide	0,00 Ä
<14:41:59>	Galette Jambon - Fromage - Oeuf	4	liquide	0,00 Ä
<14:42:3>	Menu Basique	5	liquide	0,00 Ä
<14:42:7>	Menu Enfant	5	liquide	0,00 Ä
