  DATE        NOM       NB     PAIEMENT    TOTAL
<23:48:59>	Menu Enfant	1	compte AE	0,00 €
<23:49:4>	Menu Basique	1	liquide	0,00 €
<23:49:4>	Menu Enfant	1	liquide	0,00 €
<23:50:29>	Menu Enfant	2	compte AE	0,00 €
<23:50:33>	Menu Snack	2	cheque	0,00 €
<15:5:34>	Menu Basique	1	compte AE	0,00 €
<14:27:30>	Menu Enfant	1	liquide	0,00 €
<14:28:26>	Menu Snack	1	liquide	0,00 €
<14:28:26>	Tartes au pommes	1	liquide	0,00 €
<14:30:10>	Hot-Dog Saucisse - Fromage rappé/tranche - MKM	1	liquide	1,50 €
<14:30:34>	Hot-Dog Saucisse - Fromage rappé/tranche - MKM	1	liquide	1,50 €
<14:30:34>	Hot-Dog Saucisse - Fromage rappé/tranche - MKM	1	liquide	1,50 €
<14:30:34>	Hot-Dog Saucisse - Fromage rappé/tranche - MKM	1	liquide	1,50 €
<14:30:34>	Hot-Dog Saucisse - Fromage rappé/tranche - MKM	1	liquide	1,50 €
<14:30:34>	Hot-Dog Saucisse - Fromage rappé/tranche - MKM	1	liquide	1,50 €
<14:54:55>	Menu du joueur	1	liquide	0,00 €
<13:30:31>	Menu Enfant	1	liquide	0,00 €
<15:13:41>	Menu Enfant	1	liquide	0,00 €
<15:48:16>	Hot-Dog Saucisse - Fromage rappé/tranche - MKM	1	liquide	1,50 €
<16:9:5>	Menu Enfant	1	gratuit (invité)	0,00 €
<23:19:55>	Menu Enfant	2	gratuit (invité)	0,00 €
<23:20:20>	Menu Enfant	1	gratuit (invité)	0,00 €
<23:20:37>	Hot-Dog Saucisse - Fromage rappé/tranche - MKM	3	liquide	4,50 €
<23:20:37>	Salade test	1	liquide	0,00 €
<23:20:37>	Menu Enfant	1	liquide	0,00 €
<13:18:48>	Menu Enfant	1	liquide	0,00 €
<13:18:48>	Galette test	1	liquide	0,00 €
<13:28:10>	Menu Enfant	1	gratuit (invité)	0,00 €
<13:28:10>	Galette test	1	gratuit (invité)	0,00 €
<13:30:17>	Menu Enfant	1	liquide	0,00 €
<13:30:17>	Galette test	1	liquide	0,00 €
<13:34:7>	Menu Enfant	1	liquide	0,00 €
<13:34:7>	Galette test	1	liquide	0,00 €
<13:34:39>	Menu Enfant	1	gratuit (invité)	0,00 €
<13:34:39>	Galette test	1	gratuit (invité)	0,00 €
<13:36:0>	Menu Enfant	1	liquide	0,00 €
<13:36:0>	Galette test	1	liquide	0,00 €
<15:34:29>	Menu Enfant	1	liquide	0,00 €
<15:34:29>	Galette test	1	liquide	0,00 €
<15:34:30>	Menu Enfant	1	liquide	0,00 €
<15:34:30>	Galette test	1	liquide	0,00 €
<15:34:30>	Menu Enfant	1	liquide	0,00 €
<15:34:30>	Galette test	1	liquide	0,00 €
<15:34:30>	Menu Enfant	1	liquide	0,00 €
<15:34:30>	Galette test	1	liquide	0,00 €
<15:34:31>	Menu Enfant	1	liquide	0,00 €
<15:34:31>	Galette test	1	liquide	0,00 €
