  DATE        NOM       NB     PAIEMENT    TOTAL
<23:48:59>	Menu Enfant	1	compte AE	0,00 €
<23:49:4>	Menu Basique	1	liquide	0,00 €
<23:49:4>	Menu Enfant	1	liquide	0,00 €
<23:50:29>	Menu Enfant	2	compte AE	0,00 €
<23:50:33>	Menu Snack	2	cheque	0,00 €
<15:5:34>	Menu Basique	1	compte AE	0,00 €
<14:27:30>	Menu Enfant	1	liquide	0,00 €
<14:28:26>	Menu Snack	1	liquide	0,00 €
<14:28:26>	Tartes au pommes	1	liquide	0,00 €
<14:30:10>	Hot-Dog Saucisse - Fromage rappé/tranche - MKM	1	liquide	1,50 €
<14:30:34>	Hot-Dog Saucisse - Fromage rappé/tranche - MKM	1	liquide	1,50 €
<14:30:34>	Hot-Dog Saucisse - Fromage rappé/tranche - MKM	1	liquide	1,50 €
<14:30:34>	Hot-Dog Saucisse - Fromage rappé/tranche - MKM	1	liquide	1,50 €
<14:30:34>	Hot-Dog Saucisse - Fromage rappé/tranche - MKM	1	liquide	1,50 €
<14:30:34>	Hot-Dog Saucisse - Fromage rappé/tranche - MKM	1	liquide	1,50 €
<14:54:55>	Menu du joueur	1	liquide	0,00 €
<13:30:31>	Menu Enfant	1	liquide	0,00 €
<15:13:41>	Menu Enfant	1	liquide	0,00 €
<15:19:10>	Menu Enfant	1	liquide	0,00 €
<15:19:10>	Menu Enfant	1	liquide	0,00 €
<15:19:31>	Menu du joueur	1	liquide	0,00 €
<15:19:31>	Menu du joueur	1	liquide	0,00 €
<15:19:31>	Menu Snack	1	liquide	0,00 €
<15:19:31>	Menu Basique	1	liquide	0,00 €
<15:19:31>	Menu Enfant	1	liquide	0,00 €
